<?xml version="1.0" encoding="UTF-8"?>
<!-- Generated by org.testng.reporters.JUnitReportReporter -->
<testsuite skipped="0" hostname="DESKTOP-2L6A1BJ" name="BrowserTest" tests="1" failures="0" timestamp="27 Dec 2019 23:23:14 GMT" time="9.356" errors="0">
  <testcase name="test" time="9.356" classname="BrowserTest"/>
</testsuite> <!-- BrowserTest -->
