<?xml version="1.0" encoding="UTF-8"?>
<!-- Generated by org.testng.reporters.JUnitReportReporter -->
<testsuite hostname="DESKTOP-2L6A1BJ" name="BrowserTest" tests="1" failures="0" timestamp="27 Dec 2019 23:30:10 GMT" time="4.193" errors="0">
  <testcase name="test" time="4.193" classname="BrowserTest"/>
</testsuite> <!-- BrowserTest -->
